<?xml version="1.0" encoding="UTF-8"?>
<testsuite xmlns:xsi="http://www.w3.org/2001/XMLSchema-instance" xsi:noNamespaceSchemaLocation="https://maven.apache.org/surefire/maven-surefire-plugin/xsd/surefire-test-report.xsd" name="com.yif.controller.DoctorControllerTest" time="2.072" tests="1" errors="1" skipped="0" failures="0">
  <properties>
    <property name="sun.desktop" value="windows"/>
    <property name="awt.toolkit" value="sun.awt.windows.WToolkit"/>
    <property name="file.encoding.pkg" value="sun.io"/>
    <property name="java.specification.version" value="1.8"/>
    <property name="sun.cpu.isalist" value="amd64"/>
    <property name="sun.jnu.encoding" value="GBK"/>
    <property name="java.class.path" value="D:\Yif\idea_workspace\wx-api\target\test-classes;D:\Yif\idea_workspace\wx-api\target\classes;D:\softWare\maven_jar\org\springframework\boot\spring-boot-starter-web\2.7.0\spring-boot-starter-web-2.7.0.jar;D:\softWare\maven_jar\org\springframework\boot\spring-boot-starter\2.7.0\spring-boot-starter-2.7.0.jar;D:\softWare\maven_jar\org\springframework\boot\spring-boot-starter-logging\2.7.0\spring-boot-starter-logging-2.7.0.jar;D:\softWare\maven_jar\ch\qos\logback\logback-classic\1.2.11\logback-classic-1.2.11.jar;D:\softWare\maven_jar\ch\qos\logback\logback-core\1.2.11\logback-core-1.2.11.jar;D:\softWare\maven_jar\org\apache\logging\log4j\log4j-to-slf4j\2.17.2\log4j-to-slf4j-2.17.2.jar;D:\softWare\maven_jar\org\apache\logging\log4j\log4j-api\2.17.2\log4j-api-2.17.2.jar;D:\softWare\maven_jar\org\slf4j\jul-to-slf4j\1.7.36\jul-to-slf4j-1.7.36.jar;D:\softWare\maven_jar\jakarta\annotation\jakarta.annotation-api\1.3.5\jakarta.annotation-api-1.3.5.jar;D:\softWare\maven_jar\org\yaml\snakeyaml\1.30\snakeyaml-1.30.jar;D:\softWare\maven_jar\org\springframework\boot\spring-boot-starter-json\2.7.0\spring-boot-starter-json-2.7.0.jar;D:\softWare\maven_jar\com\fasterxml\jackson\core\jackson-databind\2.13.3\jackson-databind-2.13.3.jar;D:\softWare\maven_jar\com\fasterxml\jackson\core\jackson-core\2.13.3\jackson-core-2.13.3.jar;D:\softWare\maven_jar\com\fasterxml\jackson\datatype\jackson-datatype-jdk8\2.13.3\jackson-datatype-jdk8-2.13.3.jar;D:\softWare\maven_jar\com\fasterxml\jackson\datatype\jackson-datatype-jsr310\2.13.3\jackson-datatype-jsr310-2.13.3.jar;D:\softWare\maven_jar\com\fasterxml\jackson\module\jackson-module-parameter-names\2.13.3\jackson-module-parameter-names-2.13.3.jar;D:\softWare\maven_jar\org\springframework\boot\spring-boot-starter-tomcat\2.7.0\spring-boot-starter-tomcat-2.7.0.jar;D:\softWare\maven_jar\org\apache\tomcat\embed\tomcat-embed-core\9.0.63\tomcat-embed-core-9.0.63.jar;D:\softWare\maven_jar\org\apache\tomcat\embed\tomcat-embed-el\9.0.63\tomcat-embed-el-9.0.63.jar;D:\softWare\maven_jar\org\apache\tomcat\embed\tomcat-embed-websocket\9.0.63\tomcat-embed-websocket-9.0.63.jar;D:\softWare\maven_jar\org\springframework\spring-web\5.3.20\spring-web-5.3.20.jar;D:\softWare\maven_jar\org\springframework\spring-beans\5.3.20\spring-beans-5.3.20.jar;D:\softWare\maven_jar\org\springframework\spring-webmvc\5.3.20\spring-webmvc-5.3.20.jar;D:\softWare\maven_jar\org\springframework\spring-context\5.3.20\spring-context-5.3.20.jar;D:\softWare\maven_jar\org\springframework\spring-expression\5.3.20\spring-expression-5.3.20.jar;D:\softWare\maven_jar\org\springframework\boot\spring-boot-starter-test\2.7.0\spring-boot-starter-test-2.7.0.jar;D:\softWare\maven_jar\org\springframework\boot\spring-boot-test\2.7.0\spring-boot-test-2.7.0.jar;D:\softWare\maven_jar\org\springframework\boot\spring-boot-test-autoconfigure\2.7.0\spring-boot-test-autoconfigure-2.7.0.jar;D:\softWare\maven_jar\com\jayway\jsonpath\json-path\2.7.0\json-path-2.7.0.jar;D:\softWare\maven_jar\net\minidev\json-smart\2.4.8\json-smart-2.4.8.jar;D:\softWare\maven_jar\net\minidev\accessors-smart\2.4.8\accessors-smart-2.4.8.jar;D:\softWare\maven_jar\org\ow2\asm\asm\9.1\asm-9.1.jar;D:\softWare\maven_jar\jakarta\xml\bind\jakarta.xml.bind-api\2.3.3\jakarta.xml.bind-api-2.3.3.jar;D:\softWare\maven_jar\jakarta\activation\jakarta.activation-api\1.2.2\jakarta.activation-api-1.2.2.jar;D:\softWare\maven_jar\org\assertj\assertj-core\3.22.0\assertj-core-3.22.0.jar;D:\softWare\maven_jar\org\hamcrest\hamcrest\2.2\hamcrest-2.2.jar;D:\softWare\maven_jar\org\junit\jupiter\junit-jupiter\5.8.2\junit-jupiter-5.8.2.jar;D:\softWare\maven_jar\org\junit\jupiter\junit-jupiter-api\5.8.2\junit-jupiter-api-5.8.2.jar;D:\softWare\maven_jar\org\opentest4j\opentest4j\1.2.0\opentest4j-1.2.0.jar;D:\softWare\maven_jar\org\junit\platform\junit-platform-commons\1.8.2\junit-platform-commons-1.8.2.jar;D:\softWare\maven_jar\org\apiguardian\apiguardian-api\1.1.2\apiguardian-api-1.1.2.jar;D:\softWare\maven_jar\org\junit\jupiter\junit-jupiter-params\5.8.2\junit-jupiter-params-5.8.2.jar;D:\softWare\maven_jar\org\junit\jupiter\junit-jupiter-engine\5.8.2\junit-jupiter-engine-5.8.2.jar;D:\softWare\maven_jar\org\junit\platform\junit-platform-engine\1.8.2\junit-platform-engine-1.8.2.jar;D:\softWare\maven_jar\org\mockito\mockito-core\4.5.1\mockito-core-4.5.1.jar;D:\softWare\maven_jar\net\bytebuddy\byte-buddy\1.12.10\byte-buddy-1.12.10.jar;D:\softWare\maven_jar\net\bytebuddy\byte-buddy-agent\1.12.10\byte-buddy-agent-1.12.10.jar;D:\softWare\maven_jar\org\objenesis\objenesis\3.2\objenesis-3.2.jar;D:\softWare\maven_jar\org\mockito\mockito-junit-jupiter\4.5.1\mockito-junit-jupiter-4.5.1.jar;D:\softWare\maven_jar\org\skyscreamer\jsonassert\1.5.0\jsonassert-1.5.0.jar;D:\softWare\maven_jar\com\vaadin\external\google\android-json\0.0.20131108.vaadin1\android-json-0.0.20131108.vaadin1.jar;D:\softWare\maven_jar\org\springframework\spring-core\5.3.20\spring-core-5.3.20.jar;D:\softWare\maven_jar\org\springframework\spring-jcl\5.3.20\spring-jcl-5.3.20.jar;D:\softWare\maven_jar\org\springframework\spring-test\5.3.20\spring-test-5.3.20.jar;D:\softWare\maven_jar\org\xmlunit\xmlunit-core\2.9.0\xmlunit-core-2.9.0.jar;D:\softWare\maven_jar\org\mybatis\spring\boot\mybatis-spring-boot-starter\2.2.2\mybatis-spring-boot-starter-2.2.2.jar;D:\softWare\maven_jar\org\springframework\boot\spring-boot-starter-jdbc\2.7.0\spring-boot-starter-jdbc-2.7.0.jar;D:\softWare\maven_jar\com\zaxxer\HikariCP\4.0.3\HikariCP-4.0.3.jar;D:\softWare\maven_jar\org\springframework\spring-jdbc\5.3.20\spring-jdbc-5.3.20.jar;D:\softWare\maven_jar\org\mybatis\spring\boot\mybatis-spring-boot-autoconfigure\2.2.2\mybatis-spring-boot-autoconfigure-2.2.2.jar;D:\softWare\maven_jar\org\mybatis\mybatis\3.5.9\mybatis-3.5.9.jar;D:\softWare\maven_jar\org\mybatis\mybatis-spring\2.0.7\mybatis-spring-2.0.7.jar;D:\softWare\maven_jar\com\baomidou\mybatis-plus-boot-starter\3.4.3.4\mybatis-plus-boot-starter-3.4.3.4.jar;D:\softWare\maven_jar\com\baomidou\mybatis-plus\3.4.3.4\mybatis-plus-3.4.3.4.jar;D:\softWare\maven_jar\com\baomidou\mybatis-plus-extension\3.4.3.4\mybatis-plus-extension-3.4.3.4.jar;D:\softWare\maven_jar\com\baomidou\mybatis-plus-core\3.4.3.4\mybatis-plus-core-3.4.3.4.jar;D:\softWare\maven_jar\com\baomidou\mybatis-plus-annotation\3.4.3.4\mybatis-plus-annotation-3.4.3.4.jar;D:\softWare\maven_jar\com\github\jsqlparser\jsqlparser\4.2\jsqlparser-4.2.jar;D:\softWare\maven_jar\org\springframework\boot\spring-boot-autoconfigure\2.7.0\spring-boot-autoconfigure-2.7.0.jar;D:\softWare\maven_jar\com\alibaba\druid-spring-boot-starter\1.1.13\druid-spring-boot-starter-1.1.13.jar;D:\softWare\maven_jar\com\alibaba\druid\1.1.13\druid-1.1.13.jar;D:\softWare\maven_jar\org\slf4j\slf4j-api\1.7.36\slf4j-api-1.7.36.jar;D:\softWare\maven_jar\mysql\mysql-connector-java\8.0.29\mysql-connector-java-8.0.29.jar;D:\softWare\maven_jar\com\alibaba\fastjson\1.2.76\fastjson-1.2.76.jar;D:\softWare\maven_jar\org\springframework\boot\spring-boot-starter-thymeleaf\2.7.0\spring-boot-starter-thymeleaf-2.7.0.jar;D:\softWare\maven_jar\org\thymeleaf\thymeleaf-spring5\3.0.15.RELEASE\thymeleaf-spring5-3.0.15.RELEASE.jar;D:\softWare\maven_jar\org\thymeleaf\thymeleaf\3.0.15.RELEASE\thymeleaf-3.0.15.RELEASE.jar;D:\softWare\maven_jar\org\attoparser\attoparser\2.0.5.RELEASE\attoparser-2.0.5.RELEASE.jar;D:\softWare\maven_jar\org\unbescape\unbescape\1.1.6.RELEASE\unbescape-1.1.6.RELEASE.jar;D:\softWare\maven_jar\org\thymeleaf\extras\thymeleaf-extras-java8time\3.0.4.RELEASE\thymeleaf-extras-java8time-3.0.4.RELEASE.jar;D:\softWare\maven_jar\org\projectlombok\lombok\1.16.10\lombok-1.16.10.jar;D:\softWare\maven_jar\io\springfox\springfox-swagger2\2.9.2\springfox-swagger2-2.9.2.jar;D:\softWare\maven_jar\io\swagger\swagger-annotations\1.5.20\swagger-annotations-1.5.20.jar;D:\softWare\maven_jar\io\swagger\swagger-models\1.5.20\swagger-models-1.5.20.jar;D:\softWare\maven_jar\com\fasterxml\jackson\core\jackson-annotations\2.13.3\jackson-annotations-2.13.3.jar;D:\softWare\maven_jar\io\springfox\springfox-spi\2.9.2\springfox-spi-2.9.2.jar;D:\softWare\maven_jar\io\springfox\springfox-core\2.9.2\springfox-core-2.9.2.jar;D:\softWare\maven_jar\io\springfox\springfox-schema\2.9.2\springfox-schema-2.9.2.jar;D:\softWare\maven_jar\io\springfox\springfox-swagger-common\2.9.2\springfox-swagger-common-2.9.2.jar;D:\softWare\maven_jar\io\springfox\springfox-spring-web\2.9.2\springfox-spring-web-2.9.2.jar;D:\softWare\maven_jar\com\google\guava\guava\20.0\guava-20.0.jar;D:\softWare\maven_jar\com\fasterxml\classmate\1.5.1\classmate-1.5.1.jar;D:\softWare\maven_jar\org\springframework\plugin\spring-plugin-core\1.2.0.RELEASE\spring-plugin-core-1.2.0.RELEASE.jar;D:\softWare\maven_jar\org\springframework\plugin\spring-plugin-metadata\1.2.0.RELEASE\spring-plugin-metadata-1.2.0.RELEASE.jar;D:\softWare\maven_jar\org\mapstruct\mapstruct\1.2.0.Final\mapstruct-1.2.0.Final.jar;D:\softWare\maven_jar\io\springfox\springfox-swagger-ui\2.9.2\springfox-swagger-ui-2.9.2.jar;D:\softWare\maven_jar\com\alibaba\easyexcel\3.1.1\easyexcel-3.1.1.jar;D:\softWare\maven_jar\com\alibaba\easyexcel-core\3.1.1\easyexcel-core-3.1.1.jar;D:\softWare\maven_jar\com\alibaba\easyexcel-support\3.1.1\easyexcel-support-3.1.1.jar;D:\softWare\maven_jar\org\apache\poi\poi\4.1.2\poi-4.1.2.jar;D:\softWare\maven_jar\org\apache\commons\commons-collections4\4.4\commons-collections4-4.4.jar;D:\softWare\maven_jar\org\apache\commons\commons-math3\3.6.1\commons-math3-3.6.1.jar;D:\softWare\maven_jar\com\zaxxer\SparseBitSet\1.2\SparseBitSet-1.2.jar;D:\softWare\maven_jar\org\apache\poi\poi-ooxml\4.1.2\poi-ooxml-4.1.2.jar;D:\softWare\maven_jar\org\apache\commons\commons-compress\1.19\commons-compress-1.19.jar;D:\softWare\maven_jar\com\github\virtuald\curvesapi\1.06\curvesapi-1.06.jar;D:\softWare\maven_jar\org\apache\poi\poi-ooxml-schemas\4.1.2\poi-ooxml-schemas-4.1.2.jar;D:\softWare\maven_jar\org\apache\xmlbeans\xmlbeans\3.1.0\xmlbeans-3.1.0.jar;D:\softWare\maven_jar\org\apache\commons\commons-csv\1.8\commons-csv-1.8.jar;D:\softWare\maven_jar\org\ehcache\ehcache\3.10.0\ehcache-3.10.0.jar;D:\softWare\maven_jar\javax\cache\cache-api\1.1.1\cache-api-1.1.1.jar;D:\softWare\maven_jar\org\glassfish\jaxb\jaxb-runtime\2.3.6\jaxb-runtime-2.3.6.jar;D:\softWare\maven_jar\org\glassfish\jaxb\txw2\2.3.6\txw2-2.3.6.jar;D:\softWare\maven_jar\com\sun\istack\istack-commons-runtime\3.0.12\istack-commons-runtime-3.0.12.jar;D:\softWare\maven_jar\com\sun\activation\jakarta.activation\1.2.2\jakarta.activation-1.2.2.jar;D:\softWare\maven_jar\org\springframework\boot\spring-boot-starter-security\2.7.0\spring-boot-starter-security-2.7.0.jar;D:\softWare\maven_jar\org\springframework\spring-aop\5.3.20\spring-aop-5.3.20.jar;D:\softWare\maven_jar\org\springframework\security\spring-security-config\5.7.1\spring-security-config-5.7.1.jar;D:\softWare\maven_jar\org\springframework\security\spring-security-core\5.7.1\spring-security-core-5.7.1.jar;D:\softWare\maven_jar\org\springframework\security\spring-security-crypto\5.7.1\spring-security-crypto-5.7.1.jar;D:\softWare\maven_jar\org\springframework\security\spring-security-web\5.7.1\spring-security-web-5.7.1.jar;D:\softWare\maven_jar\org\springframework\boot\spring-boot-starter-data-redis\2.7.0\spring-boot-starter-data-redis-2.7.0.jar;D:\softWare\maven_jar\org\springframework\data\spring-data-redis\2.7.0\spring-data-redis-2.7.0.jar;D:\softWare\maven_jar\org\springframework\data\spring-data-keyvalue\2.7.0\spring-data-keyvalue-2.7.0.jar;D:\softWare\maven_jar\org\springframework\data\spring-data-commons\2.7.0\spring-data-commons-2.7.0.jar;D:\softWare\maven_jar\org\springframework\spring-tx\5.3.20\spring-tx-5.3.20.jar;D:\softWare\maven_jar\org\springframework\spring-oxm\5.3.20\spring-oxm-5.3.20.jar;D:\softWare\maven_jar\org\springframework\spring-context-support\5.3.20\spring-context-support-5.3.20.jar;D:\softWare\maven_jar\io\lettuce\lettuce-core\6.1.8.RELEASE\lettuce-core-6.1.8.RELEASE.jar;D:\softWare\maven_jar\io\netty\netty-common\4.1.77.Final\netty-common-4.1.77.Final.jar;D:\softWare\maven_jar\io\netty\netty-handler\4.1.77.Final\netty-handler-4.1.77.Final.jar;D:\softWare\maven_jar\io\netty\netty-resolver\4.1.77.Final\netty-resolver-4.1.77.Final.jar;D:\softWare\maven_jar\io\netty\netty-buffer\4.1.77.Final\netty-buffer-4.1.77.Final.jar;D:\softWare\maven_jar\io\netty\netty-codec\4.1.77.Final\netty-codec-4.1.77.Final.jar;D:\softWare\maven_jar\io\netty\netty-transport\4.1.77.Final\netty-transport-4.1.77.Final.jar;D:\softWare\maven_jar\io\projectreactor\reactor-core\3.4.18\reactor-core-3.4.18.jar;D:\softWare\maven_jar\org\reactivestreams\reactive-streams\1.0.3\reactive-streams-1.0.3.jar;D:\softWare\maven_jar\org\apache\httpcomponents\httpcore\4.4.10\httpcore-4.4.10.jar;D:\softWare\maven_jar\org\apache\httpcomponents\httpclient\4.5.6\httpclient-4.5.6.jar;D:\softWare\maven_jar\commons-codec\commons-codec\1.15\commons-codec-1.15.jar;D:\softWare\maven_jar\net\sf\json-lib\json-lib\2.4\json-lib-2.4-jdk15.jar;D:\softWare\maven_jar\commons-beanutils\commons-beanutils\1.8.0\commons-beanutils-1.8.0.jar;D:\softWare\maven_jar\commons-collections\commons-collections\3.2.1\commons-collections-3.2.1.jar;D:\softWare\maven_jar\commons-lang\commons-lang\2.5\commons-lang-2.5.jar;D:\softWare\maven_jar\net\sf\ezmorph\ezmorph\1.0.6\ezmorph-1.0.6.jar;D:\softWare\maven_jar\junit\junit\4.11\junit-4.11.jar;D:\softWare\maven_jar\org\hamcrest\hamcrest-core\2.2\hamcrest-core-2.2.jar;D:\softWare\maven_jar\commons-io\commons-io\2.11.0\commons-io-2.11.0.jar;D:\softWare\maven_jar\net\contentobjects\jnotify\jnotify\0.94\jnotify-0.94.jar;D:\softWare\maven_jar\org\springframework\boot\spring-boot-devtools\2.3.4.RELEASE\spring-boot-devtools-2.3.4.RELEASE.jar;D:\softWare\maven_jar\org\springframework\boot\spring-boot\2.7.0\spring-boot-2.7.0.jar;D:\softWare\maven_jar\commons-logging\commons-logging\1.1\commons-logging-1.1.jar;D:\softWare\maven_jar\log4j\log4j\1.2.12\log4j-1.2.12.jar;D:\softWare\maven_jar\logkit\logkit\1.0.1\logkit-1.0.1.jar;D:\softWare\maven_jar\avalon-framework\avalon-framework\4.1.3\avalon-framework-4.1.3.jar;D:\softWare\maven_jar\javax\servlet\servlet-api\2.3\servlet-api-2.3.jar;"/>
    <property name="java.vm.vendor" value="Amazon.com Inc."/>
    <property name="sun.arch.data.model" value="64"/>
    <property name="user.variant" value=""/>
    <property name="java.vendor.url" value="https://aws.amazon.com/corretto/"/>
    <property name="user.timezone" value="Asia/Shanghai"/>
    <property name="java.vm.specification.version" value="1.8"/>
    <property name="os.name" value="Windows 10"/>
    <property name="user.country" value="CN"/>
    <property name="sun.java.launcher" value="SUN_STANDARD"/>
    <property name="sun.boot.library.path" value="D:\jdk1.8\jre\bin"/>
    <property name="sun.java.command" value="C:\Users\admin\AppData\Local\Temp\surefire3182481412354583100\surefirebooter886892619225475538.jar C:\Users\admin\AppData\Local\Temp\surefire3182481412354583100 2022-08-18T16-16-21_223-jvmRun1 surefire3592526683054464014tmp surefire_07513601934225839670tmp"/>
    <property name="surefire.test.class.path" value="D:\Yif\idea_workspace\wx-api\target\test-classes;D:\Yif\idea_workspace\wx-api\target\classes;D:\softWare\maven_jar\org\springframework\boot\spring-boot-starter-web\2.7.0\spring-boot-starter-web-2.7.0.jar;D:\softWare\maven_jar\org\springframework\boot\spring-boot-starter\2.7.0\spring-boot-starter-2.7.0.jar;D:\softWare\maven_jar\org\springframework\boot\spring-boot-starter-logging\2.7.0\spring-boot-starter-logging-2.7.0.jar;D:\softWare\maven_jar\ch\qos\logback\logback-classic\1.2.11\logback-classic-1.2.11.jar;D:\softWare\maven_jar\ch\qos\logback\logback-core\1.2.11\logback-core-1.2.11.jar;D:\softWare\maven_jar\org\apache\logging\log4j\log4j-to-slf4j\2.17.2\log4j-to-slf4j-2.17.2.jar;D:\softWare\maven_jar\org\apache\logging\log4j\log4j-api\2.17.2\log4j-api-2.17.2.jar;D:\softWare\maven_jar\org\slf4j\jul-to-slf4j\1.7.36\jul-to-slf4j-1.7.36.jar;D:\softWare\maven_jar\jakarta\annotation\jakarta.annotation-api\1.3.5\jakarta.annotation-api-1.3.5.jar;D:\softWare\maven_jar\org\yaml\snakeyaml\1.30\snakeyaml-1.30.jar;D:\softWare\maven_jar\org\springframework\boot\spring-boot-starter-json\2.7.0\spring-boot-starter-json-2.7.0.jar;D:\softWare\maven_jar\com\fasterxml\jackson\core\jackson-databind\2.13.3\jackson-databind-2.13.3.jar;D:\softWare\maven_jar\com\fasterxml\jackson\core\jackson-core\2.13.3\jackson-core-2.13.3.jar;D:\softWare\maven_jar\com\fasterxml\jackson\datatype\jackson-datatype-jdk8\2.13.3\jackson-datatype-jdk8-2.13.3.jar;D:\softWare\maven_jar\com\fasterxml\jackson\datatype\jackson-datatype-jsr310\2.13.3\jackson-datatype-jsr310-2.13.3.jar;D:\softWare\maven_jar\com\fasterxml\jackson\module\jackson-module-parameter-names\2.13.3\jackson-module-parameter-names-2.13.3.jar;D:\softWare\maven_jar\org\springframework\boot\spring-boot-starter-tomcat\2.7.0\spring-boot-starter-tomcat-2.7.0.jar;D:\softWare\maven_jar\org\apache\tomcat\embed\tomcat-embed-core\9.0.63\tomcat-embed-core-9.0.63.jar;D:\softWare\maven_jar\org\apache\tomcat\embed\tomcat-embed-el\9.0.63\tomcat-embed-el-9.0.63.jar;D:\softWare\maven_jar\org\apache\tomcat\embed\tomcat-embed-websocket\9.0.63\tomcat-embed-websocket-9.0.63.jar;D:\softWare\maven_jar\org\springframework\spring-web\5.3.20\spring-web-5.3.20.jar;D:\softWare\maven_jar\org\springframework\spring-beans\5.3.20\spring-beans-5.3.20.jar;D:\softWare\maven_jar\org\springframework\spring-webmvc\5.3.20\spring-webmvc-5.3.20.jar;D:\softWare\maven_jar\org\springframework\spring-context\5.3.20\spring-context-5.3.20.jar;D:\softWare\maven_jar\org\springframework\spring-expression\5.3.20\spring-expression-5.3.20.jar;D:\softWare\maven_jar\org\springframework\boot\spring-boot-starter-test\2.7.0\spring-boot-starter-test-2.7.0.jar;D:\softWare\maven_jar\org\springframework\boot\spring-boot-test\2.7.0\spring-boot-test-2.7.0.jar;D:\softWare\maven_jar\org\springframework\boot\spring-boot-test-autoconfigure\2.7.0\spring-boot-test-autoconfigure-2.7.0.jar;D:\softWare\maven_jar\com\jayway\jsonpath\json-path\2.7.0\json-path-2.7.0.jar;D:\softWare\maven_jar\net\minidev\json-smart\2.4.8\json-smart-2.4.8.jar;D:\softWare\maven_jar\net\minidev\accessors-smart\2.4.8\accessors-smart-2.4.8.jar;D:\softWare\maven_jar\org\ow2\asm\asm\9.1\asm-9.1.jar;D:\softWare\maven_jar\jakarta\xml\bind\jakarta.xml.bind-api\2.3.3\jakarta.xml.bind-api-2.3.3.jar;D:\softWare\maven_jar\jakarta\activation\jakarta.activation-api\1.2.2\jakarta.activation-api-1.2.2.jar;D:\softWare\maven_jar\org\assertj\assertj-core\3.22.0\assertj-core-3.22.0.jar;D:\softWare\maven_jar\org\hamcrest\hamcrest\2.2\hamcrest-2.2.jar;D:\softWare\maven_jar\org\junit\jupiter\junit-jupiter\5.8.2\junit-jupiter-5.8.2.jar;D:\softWare\maven_jar\org\junit\jupiter\junit-jupiter-api\5.8.2\junit-jupiter-api-5.8.2.jar;D:\softWare\maven_jar\org\opentest4j\opentest4j\1.2.0\opentest4j-1.2.0.jar;D:\softWare\maven_jar\org\junit\platform\junit-platform-commons\1.8.2\junit-platform-commons-1.8.2.jar;D:\softWare\maven_jar\org\apiguardian\apiguardian-api\1.1.2\apiguardian-api-1.1.2.jar;D:\softWare\maven_jar\org\junit\jupiter\junit-jupiter-params\5.8.2\junit-jupiter-params-5.8.2.jar;D:\softWare\maven_jar\org\junit\jupiter\junit-jupiter-engine\5.8.2\junit-jupiter-engine-5.8.2.jar;D:\softWare\maven_jar\org\junit\platform\junit-platform-engine\1.8.2\junit-platform-engine-1.8.2.jar;D:\softWare\maven_jar\org\mockito\mockito-core\4.5.1\mockito-core-4.5.1.jar;D:\softWare\maven_jar\net\bytebuddy\byte-buddy\1.12.10\byte-buddy-1.12.10.jar;D:\softWare\maven_jar\net\bytebuddy\byte-buddy-agent\1.12.10\byte-buddy-agent-1.12.10.jar;D:\softWare\maven_jar\org\objenesis\objenesis\3.2\objenesis-3.2.jar;D:\softWare\maven_jar\org\mockito\mockito-junit-jupiter\4.5.1\mockito-junit-jupiter-4.5.1.jar;D:\softWare\maven_jar\org\skyscreamer\jsonassert\1.5.0\jsonassert-1.5.0.jar;D:\softWare\maven_jar\com\vaadin\external\google\android-json\0.0.20131108.vaadin1\android-json-0.0.20131108.vaadin1.jar;D:\softWare\maven_jar\org\springframework\spring-core\5.3.20\spring-core-5.3.20.jar;D:\softWare\maven_jar\org\springframework\spring-jcl\5.3.20\spring-jcl-5.3.20.jar;D:\softWare\maven_jar\org\springframework\spring-test\5.3.20\spring-test-5.3.20.jar;D:\softWare\maven_jar\org\xmlunit\xmlunit-core\2.9.0\xmlunit-core-2.9.0.jar;D:\softWare\maven_jar\org\mybatis\spring\boot\mybatis-spring-boot-starter\2.2.2\mybatis-spring-boot-starter-2.2.2.jar;D:\softWare\maven_jar\org\springframework\boot\spring-boot-starter-jdbc\2.7.0\spring-boot-starter-jdbc-2.7.0.jar;D:\softWare\maven_jar\com\zaxxer\HikariCP\4.0.3\HikariCP-4.0.3.jar;D:\softWare\maven_jar\org\springframework\spring-jdbc\5.3.20\spring-jdbc-5.3.20.jar;D:\softWare\maven_jar\org\mybatis\spring\boot\mybatis-spring-boot-autoconfigure\2.2.2\mybatis-spring-boot-autoconfigure-2.2.2.jar;D:\softWare\maven_jar\org\mybatis\mybatis\3.5.9\mybatis-3.5.9.jar;D:\softWare\maven_jar\org\mybatis\mybatis-spring\2.0.7\mybatis-spring-2.0.7.jar;D:\softWare\maven_jar\com\baomidou\mybatis-plus-boot-starter\3.4.3.4\mybatis-plus-boot-starter-3.4.3.4.jar;D:\softWare\maven_jar\com\baomidou\mybatis-plus\3.4.3.4\mybatis-plus-3.4.3.4.jar;D:\softWare\maven_jar\com\baomidou\mybatis-plus-extension\3.4.3.4\mybatis-plus-extension-3.4.3.4.jar;D:\softWare\maven_jar\com\baomidou\mybatis-plus-core\3.4.3.4\mybatis-plus-core-3.4.3.4.jar;D:\softWare\maven_jar\com\baomidou\mybatis-plus-annotation\3.4.3.4\mybatis-plus-annotation-3.4.3.4.jar;D:\softWare\maven_jar\com\github\jsqlparser\jsqlparser\4.2\jsqlparser-4.2.jar;D:\softWare\maven_jar\org\springframework\boot\spring-boot-autoconfigure\2.7.0\spring-boot-autoconfigure-2.7.0.jar;D:\softWare\maven_jar\com\alibaba\druid-spring-boot-starter\1.1.13\druid-spring-boot-starter-1.1.13.jar;D:\softWare\maven_jar\com\alibaba\druid\1.1.13\druid-1.1.13.jar;D:\softWare\maven_jar\org\slf4j\slf4j-api\1.7.36\slf4j-api-1.7.36.jar;D:\softWare\maven_jar\mysql\mysql-connector-java\8.0.29\mysql-connector-java-8.0.29.jar;D:\softWare\maven_jar\com\alibaba\fastjson\1.2.76\fastjson-1.2.76.jar;D:\softWare\maven_jar\org\springframework\boot\spring-boot-starter-thymeleaf\2.7.0\spring-boot-starter-thymeleaf-2.7.0.jar;D:\softWare\maven_jar\org\thymeleaf\thymeleaf-spring5\3.0.15.RELEASE\thymeleaf-spring5-3.0.15.RELEASE.jar;D:\softWare\maven_jar\org\thymeleaf\thymeleaf\3.0.15.RELEASE\thymeleaf-3.0.15.RELEASE.jar;D:\softWare\maven_jar\org\attoparser\attoparser\2.0.5.RELEASE\attoparser-2.0.5.RELEASE.jar;D:\softWare\maven_jar\org\unbescape\unbescape\1.1.6.RELEASE\unbescape-1.1.6.RELEASE.jar;D:\softWare\maven_jar\org\thymeleaf\extras\thymeleaf-extras-java8time\3.0.4.RELEASE\thymeleaf-extras-java8time-3.0.4.RELEASE.jar;D:\softWare\maven_jar\org\projectlombok\lombok\1.16.10\lombok-1.16.10.jar;D:\softWare\maven_jar\io\springfox\springfox-swagger2\2.9.2\springfox-swagger2-2.9.2.jar;D:\softWare\maven_jar\io\swagger\swagger-annotations\1.5.20\swagger-annotations-1.5.20.jar;D:\softWare\maven_jar\io\swagger\swagger-models\1.5.20\swagger-models-1.5.20.jar;D:\softWare\maven_jar\com\fasterxml\jackson\core\jackson-annotations\2.13.3\jackson-annotations-2.13.3.jar;D:\softWare\maven_jar\io\springfox\springfox-spi\2.9.2\springfox-spi-2.9.2.jar;D:\softWare\maven_jar\io\springfox\springfox-core\2.9.2\springfox-core-2.9.2.jar;D:\softWare\maven_jar\io\springfox\springfox-schema\2.9.2\springfox-schema-2.9.2.jar;D:\softWare\maven_jar\io\springfox\springfox-swagger-common\2.9.2\springfox-swagger-common-2.9.2.jar;D:\softWare\maven_jar\io\springfox\springfox-spring-web\2.9.2\springfox-spring-web-2.9.2.jar;D:\softWare\maven_jar\com\google\guava\guava\20.0\guava-20.0.jar;D:\softWare\maven_jar\com\fasterxml\classmate\1.5.1\classmate-1.5.1.jar;D:\softWare\maven_jar\org\springframework\plugin\spring-plugin-core\1.2.0.RELEASE\spring-plugin-core-1.2.0.RELEASE.jar;D:\softWare\maven_jar\org\springframework\plugin\spring-plugin-metadata\1.2.0.RELEASE\spring-plugin-metadata-1.2.0.RELEASE.jar;D:\softWare\maven_jar\org\mapstruct\mapstruct\1.2.0.Final\mapstruct-1.2.0.Final.jar;D:\softWare\maven_jar\io\springfox\springfox-swagger-ui\2.9.2\springfox-swagger-ui-2.9.2.jar;D:\softWare\maven_jar\com\alibaba\easyexcel\3.1.1\easyexcel-3.1.1.jar;D:\softWare\maven_jar\com\alibaba\easyexcel-core\3.1.1\easyexcel-core-3.1.1.jar;D:\softWare\maven_jar\com\alibaba\easyexcel-support\3.1.1\easyexcel-support-3.1.1.jar;D:\softWare\maven_jar\org\apache\poi\poi\4.1.2\poi-4.1.2.jar;D:\softWare\maven_jar\org\apache\commons\commons-collections4\4.4\commons-collections4-4.4.jar;D:\softWare\maven_jar\org\apache\commons\commons-math3\3.6.1\commons-math3-3.6.1.jar;D:\softWare\maven_jar\com\zaxxer\SparseBitSet\1.2\SparseBitSet-1.2.jar;D:\softWare\maven_jar\org\apache\poi\poi-ooxml\4.1.2\poi-ooxml-4.1.2.jar;D:\softWare\maven_jar\org\apache\commons\commons-compress\1.19\commons-compress-1.19.jar;D:\softWare\maven_jar\com\github\virtuald\curvesapi\1.06\curvesapi-1.06.jar;D:\softWare\maven_jar\org\apache\poi\poi-ooxml-schemas\4.1.2\poi-ooxml-schemas-4.1.2.jar;D:\softWare\maven_jar\org\apache\xmlbeans\xmlbeans\3.1.0\xmlbeans-3.1.0.jar;D:\softWare\maven_jar\org\apache\commons\commons-csv\1.8\commons-csv-1.8.jar;D:\softWare\maven_jar\org\ehcache\ehcache\3.10.0\ehcache-3.10.0.jar;D:\softWare\maven_jar\javax\cache\cache-api\1.1.1\cache-api-1.1.1.jar;D:\softWare\maven_jar\org\glassfish\jaxb\jaxb-runtime\2.3.6\jaxb-runtime-2.3.6.jar;D:\softWare\maven_jar\org\glassfish\jaxb\txw2\2.3.6\txw2-2.3.6.jar;D:\softWare\maven_jar\com\sun\istack\istack-commons-runtime\3.0.12\istack-commons-runtime-3.0.12.jar;D:\softWare\maven_jar\com\sun\activation\jakarta.activation\1.2.2\jakarta.activation-1.2.2.jar;D:\softWare\maven_jar\org\springframework\boot\spring-boot-starter-security\2.7.0\spring-boot-starter-security-2.7.0.jar;D:\softWare\maven_jar\org\springframework\spring-aop\5.3.20\spring-aop-5.3.20.jar;D:\softWare\maven_jar\org\springframework\security\spring-security-config\5.7.1\spring-security-config-5.7.1.jar;D:\softWare\maven_jar\org\springframework\security\spring-security-core\5.7.1\spring-security-core-5.7.1.jar;D:\softWare\maven_jar\org\springframework\security\spring-security-crypto\5.7.1\spring-security-crypto-5.7.1.jar;D:\softWare\maven_jar\org\springframework\security\spring-security-web\5.7.1\spring-security-web-5.7.1.jar;D:\softWare\maven_jar\org\springframework\boot\spring-boot-starter-data-redis\2.7.0\spring-boot-starter-data-redis-2.7.0.jar;D:\softWare\maven_jar\org\springframework\data\spring-data-redis\2.7.0\spring-data-redis-2.7.0.jar;D:\softWare\maven_jar\org\springframework\data\spring-data-keyvalue\2.7.0\spring-data-keyvalue-2.7.0.jar;D:\softWare\maven_jar\org\springframework\data\spring-data-commons\2.7.0\spring-data-commons-2.7.0.jar;D:\softWare\maven_jar\org\springframework\spring-tx\5.3.20\spring-tx-5.3.20.jar;D:\softWare\maven_jar\org\springframework\spring-oxm\5.3.20\spring-oxm-5.3.20.jar;D:\softWare\maven_jar\org\springframework\spring-context-support\5.3.20\spring-context-support-5.3.20.jar;D:\softWare\maven_jar\io\lettuce\lettuce-core\6.1.8.RELEASE\lettuce-core-6.1.8.RELEASE.jar;D:\softWare\maven_jar\io\netty\netty-common\4.1.77.Final\netty-common-4.1.77.Final.jar;D:\softWare\maven_jar\io\netty\netty-handler\4.1.77.Final\netty-handler-4.1.77.Final.jar;D:\softWare\maven_jar\io\netty\netty-resolver\4.1.77.Final\netty-resolver-4.1.77.Final.jar;D:\softWare\maven_jar\io\netty\netty-buffer\4.1.77.Final\netty-buffer-4.1.77.Final.jar;D:\softWare\maven_jar\io\netty\netty-codec\4.1.77.Final\netty-codec-4.1.77.Final.jar;D:\softWare\maven_jar\io\netty\netty-transport\4.1.77.Final\netty-transport-4.1.77.Final.jar;D:\softWare\maven_jar\io\projectreactor\reactor-core\3.4.18\reactor-core-3.4.18.jar;D:\softWare\maven_jar\org\reactivestreams\reactive-streams\1.0.3\reactive-streams-1.0.3.jar;D:\softWare\maven_jar\org\apache\httpcomponents\httpcore\4.4.10\httpcore-4.4.10.jar;D:\softWare\maven_jar\org\apache\httpcomponents\httpclient\4.5.6\httpclient-4.5.6.jar;D:\softWare\maven_jar\commons-codec\commons-codec\1.15\commons-codec-1.15.jar;D:\softWare\maven_jar\net\sf\json-lib\json-lib\2.4\json-lib-2.4-jdk15.jar;D:\softWare\maven_jar\commons-beanutils\commons-beanutils\1.8.0\commons-beanutils-1.8.0.jar;D:\softWare\maven_jar\commons-collections\commons-collections\3.2.1\commons-collections-3.2.1.jar;D:\softWare\maven_jar\commons-lang\commons-lang\2.5\commons-lang-2.5.jar;D:\softWare\maven_jar\net\sf\ezmorph\ezmorph\1.0.6\ezmorph-1.0.6.jar;D:\softWare\maven_jar\junit\junit\4.11\junit-4.11.jar;D:\softWare\maven_jar\org\hamcrest\hamcrest-core\2.2\hamcrest-core-2.2.jar;D:\softWare\maven_jar\commons-io\commons-io\2.11.0\commons-io-2.11.0.jar;D:\softWare\maven_jar\net\contentobjects\jnotify\jnotify\0.94\jnotify-0.94.jar;D:\softWare\maven_jar\org\springframework\boot\spring-boot-devtools\2.3.4.RELEASE\spring-boot-devtools-2.3.4.RELEASE.jar;D:\softWare\maven_jar\org\springframework\boot\spring-boot\2.7.0\spring-boot-2.7.0.jar;D:\softWare\maven_jar\commons-logging\commons-logging\1.1\commons-logging-1.1.jar;D:\softWare\maven_jar\log4j\log4j\1.2.12\log4j-1.2.12.jar;D:\softWare\maven_jar\logkit\logkit\1.0.1\logkit-1.0.1.jar;D:\softWare\maven_jar\avalon-framework\avalon-framework\4.1.3\avalon-framework-4.1.3.jar;D:\softWare\maven_jar\javax\servlet\servlet-api\2.3\servlet-api-2.3.jar;"/>
    <property name="sun.cpu.endian" value="little"/>
    <property name="user.home" value="C:\Users\admin"/>
    <property name="user.language" value="zh"/>
    <property name="java.specification.vendor" value="Oracle Corporation"/>
    <property name="java.home" value="D:\jdk1.8\jre"/>
    <property name="basedir" value="D:\Yif\idea_workspace\wx-api"/>
    <property name="file.separator" value="\"/>
    <property name="line.separator" value="&#10;"/>
    <property name="java.vm.specification.vendor" value="Oracle Corporation"/>
    <property name="java.specification.name" value="Java Platform API Specification"/>
    <property name="java.awt.graphicsenv" value="sun.awt.Win32GraphicsEnvironment"/>
    <property name="surefire.real.class.path" value="C:\Users\admin\AppData\Local\Temp\surefire3182481412354583100\surefirebooter886892619225475538.jar"/>
    <property name="sun.boot.class.path" value="D:\jdk1.8\jre\lib\resources.jar;D:\jdk1.8\jre\lib\rt.jar;D:\jdk1.8\jre\lib\sunrsasign.jar;D:\jdk1.8\jre\lib\jsse.jar;D:\jdk1.8\jre\lib\jce.jar;D:\jdk1.8\jre\lib\charsets.jar;D:\jdk1.8\jre\lib\jfr.jar;D:\jdk1.8\jre\classes"/>
    <property name="user.script" value=""/>
    <property name="sun.management.compiler" value="HotSpot 64-Bit Tiered Compilers"/>
    <property name="java.runtime.version" value="1.8.0_302-b08"/>
    <property name="user.name" value="admin"/>
    <property name="path.separator" value=";"/>
    <property name="os.version" value="10.0"/>
    <property name="java.endorsed.dirs" value="D:\jdk1.8\jre\lib\endorsed"/>
    <property name="java.runtime.name" value="OpenJDK Runtime Environment"/>
    <property name="file.encoding" value="GBK"/>
    <property name="java.vm.name" value="OpenJDK 64-Bit Server VM"/>
    <property name="localRepository" value="D:\softWare\maven_jar"/>
    <property name="java.vendor.url.bug" value="https://github.com/corretto/corretto-8/issues/"/>
    <property name="java.io.tmpdir" value="C:\Users\admin\AppData\Local\Temp\"/>
    <property name="idea.version" value="2022.1.3"/>
    <property name="java.version" value="1.8.0_302"/>
    <property name="user.dir" value="D:\Yif\idea_workspace\wx-api"/>
    <property name="os.arch" value="amd64"/>
    <property name="java.vm.specification.name" value="Java Virtual Machine Specification"/>
    <property name="java.awt.printerjob" value="sun.awt.windows.WPrinterJob"/>
    <property name="sun.os.patch.level" value=""/>
    <property name="java.library.path" value="D:\jdk1.8\jre\bin;C:\Windows\Sun\Java\bin;C:\Windows\system32;C:\Windows;C:\Program Files (x86)\VMware\VMware Workstation\bin\;D:\app\gsy\product\12.1.0\dbhome_1\bin;D:\jdk1.8\bin;D:\jdk1.8\jre\bin;C:\Program Files\VanDyke Software\Clients\;C:\Program Files (x86)\Common Files\Oracle\Java\javapath;C:\Program Files\Common Files\Oracle\Java\javapath;C:\Windows\system32;C:\Windows;C:\Windows\System32\Wbem;C:\Windows\System32\WindowsPowerShell\v1.0\;C:\Windows\System32\OpenSSH\;D:\softWare\apache-maven-3.5.4\bin;D:\config\mysql-8.0.26-winx64\bin;C:\Program Files\TortoiseGit\bin;D:\softWare\Git\cmd;C:\Program Files\dotnet\;D:\softWare\xshell\Xshell 7\;D:\softWare\xshell\Xftp 7\;D:\config\nvm\nvm;D:\config\nvm\nodejs;D:\config\svn\SVN Server\bin;D:\config\TortoiseSVN\bin;C:\Program Files\Docker\Docker\resources\bin;C:\ProgramData\DockerDesktop\version-bin;C:\Users\admin\AppData\Local\Microsoft\WindowsApps;D:\softWare\nodeJs\node_global;D:\config\WebStorm 2022.1.3\bin;;D:\config\nvm\nvm;D:\config\nvm\nodejs;D:\config\IntelliJ IDEA 2022.1.3\bin;;D:\config\Microsoft VS Code\bin;."/>
    <property name="java.vm.info" value="mixed mode"/>
    <property name="java.vendor" value="Amazon.com Inc."/>
    <property name="java.vm.version" value="25.302-b08"/>
    <property name="java.ext.dirs" value="D:\jdk1.8\jre\lib\ext;C:\Windows\Sun\Java\lib\ext"/>
    <property name="sun.io.unicode.encoding" value="UnicodeLittle"/>
    <property name="maven.repo.local" value="D:\softWare\maven_jar"/>
    <property name="java.class.version" value="52.0"/>
  </properties>
  <testcase name="SelectOne" classname="com.yif.controller.DoctorControllerTest" time="0.001">
    <error message="Failed to load ApplicationContext" type="java.lang.IllegalStateException">java.lang.IllegalStateException: Failed to load ApplicationContext
Caused by: org.springframework.beans.factory.UnsatisfiedDependencyException: Error creating bean with name 'doctorController': Unsatisfied dependency expressed through field 'doctorService'; nested exception is org.springframework.beans.factory.BeanCreationException: Error creating bean with name 'doctorServiceImpl': Invocation of init method failed; nested exception is com.alibaba.excel.exception.ExcelCommonException: Convert excel format exception.You can try specifying the 'excelType' yourself
Caused by: org.springframework.beans.factory.BeanCreationException: Error creating bean with name 'doctorServiceImpl': Invocation of init method failed; nested exception is com.alibaba.excel.exception.ExcelCommonException: Convert excel format exception.You can try specifying the 'excelType' yourself
Caused by: com.alibaba.excel.exception.ExcelCommonException: Convert excel format exception.You can try specifying the 'excelType' yourself
Caused by: com.alibaba.excel.exception.ExcelAnalysisException: File D:\usr\fomey\医师节数据样例.xlsx not exists.
</error>
    <system-out><![CDATA[16:16:22.309 [main] DEBUG org.springframework.test.context.BootstrapUtils - Instantiating CacheAwareContextLoaderDelegate from class [org.springframework.test.context.cache.DefaultCacheAwareContextLoaderDelegate]
16:16:22.317 [main] DEBUG org.springframework.test.context.BootstrapUtils - Instantiating BootstrapContext using constructor [public org.springframework.test.context.support.DefaultBootstrapContext(java.lang.Class,org.springframework.test.context.CacheAwareContextLoaderDelegate)]
16:16:22.344 [main] DEBUG org.springframework.test.context.BootstrapUtils - Instantiating TestContextBootstrapper for test class [com.yif.controller.DoctorControllerTest] from class [org.springframework.boot.test.context.SpringBootTestContextBootstrapper]
16:16:22.351 [main] INFO org.springframework.boot.test.context.SpringBootTestContextBootstrapper - Neither @ContextConfiguration nor @ContextHierarchy found for test class [com.yif.controller.DoctorControllerTest], using SpringBootContextLoader
16:16:22.354 [main] DEBUG org.springframework.test.context.support.AbstractContextLoader - Did not detect default resource location for test class [com.yif.controller.DoctorControllerTest]: class path resource [com/yif/controller/DoctorControllerTest-context.xml] does not exist
16:16:22.354 [main] DEBUG org.springframework.test.context.support.AbstractContextLoader - Did not detect default resource location for test class [com.yif.controller.DoctorControllerTest]: class path resource [com/yif/controller/DoctorControllerTestContext.groovy] does not exist
16:16:22.354 [main] INFO org.springframework.test.context.support.AbstractContextLoader - Could not detect default resource locations for test class [com.yif.controller.DoctorControllerTest]: no resource found for suffixes {-context.xml, Context.groovy}.
16:16:22.355 [main] INFO org.springframework.test.context.support.AnnotationConfigContextLoaderUtils - Could not detect default configuration classes for test class [com.yif.controller.DoctorControllerTest]: DoctorControllerTest does not declare any static, non-private, non-final, nested classes annotated with @Configuration.
16:16:22.386 [main] DEBUG org.springframework.test.context.support.ActiveProfilesUtils - Could not find an 'annotation declaring class' for annotation type [org.springframework.test.context.ActiveProfiles] and class [com.yif.controller.DoctorControllerTest]
16:16:22.445 [main] DEBUG org.springframework.context.annotation.ClassPathScanningCandidateComponentProvider - Identified candidate component class: file [D:\Yif\idea_workspace\wx-api\target\classes\com\yif\ApiApplication.class]
16:16:22.446 [main] INFO org.springframework.boot.test.context.SpringBootTestContextBootstrapper - Found @SpringBootConfiguration com.yif.ApiApplication for test class com.yif.controller.DoctorControllerTest
16:16:22.526 [main] DEBUG org.springframework.boot.test.context.SpringBootTestContextBootstrapper - @TestExecutionListeners is not present for class [com.yif.controller.DoctorControllerTest]: using defaults.
16:16:22.526 [main] INFO org.springframework.boot.test.context.SpringBootTestContextBootstrapper - Loaded default TestExecutionListener class names from location [META-INF/spring.factories]: [org.springframework.boot.test.mock.mockito.MockitoTestExecutionListener, org.springframework.boot.test.mock.mockito.ResetMocksTestExecutionListener, org.springframework.boot.test.autoconfigure.restdocs.RestDocsTestExecutionListener, org.springframework.boot.test.autoconfigure.web.client.MockRestServiceServerResetTestExecutionListener, org.springframework.boot.test.autoconfigure.web.servlet.MockMvcPrintOnlyOnFailureTestExecutionListener, org.springframework.boot.test.autoconfigure.web.servlet.WebDriverTestExecutionListener, org.springframework.boot.test.autoconfigure.webservices.client.MockWebServiceServerTestExecutionListener, org.springframework.test.context.web.ServletTestExecutionListener, org.springframework.test.context.support.DirtiesContextBeforeModesTestExecutionListener, org.springframework.test.context.event.ApplicationEventsTestExecutionListener, org.springframework.test.context.support.DependencyInjectionTestExecutionListener, org.springframework.test.context.support.DirtiesContextTestExecutionListener, org.springframework.test.context.transaction.TransactionalTestExecutionListener, org.springframework.test.context.jdbc.SqlScriptsTestExecutionListener, org.springframework.test.context.event.EventPublishingTestExecutionListener]
16:16:22.540 [main] INFO org.springframework.boot.test.context.SpringBootTestContextBootstrapper - Using TestExecutionListeners: [org.springframework.test.context.web.ServletTestExecutionListener@69ee81fc, org.springframework.test.context.support.DirtiesContextBeforeModesTestExecutionListener@6e2aa843, org.springframework.test.context.event.ApplicationEventsTestExecutionListener@6f36c2f0, org.springframework.boot.test.mock.mockito.MockitoTestExecutionListener@f58853c, org.springframework.boot.test.autoconfigure.SpringBootDependencyInjectionTestExecutionListener@1224144a, org.springframework.test.context.support.DirtiesContextTestExecutionListener@29f7cefd, org.springframework.test.context.transaction.TransactionalTestExecutionListener@700fb871, org.springframework.test.context.jdbc.SqlScriptsTestExecutionListener@3b35a229, org.springframework.test.context.event.EventPublishingTestExecutionListener@9816741, org.springframework.boot.test.mock.mockito.ResetMocksTestExecutionListener@1e16c0aa, org.springframework.boot.test.autoconfigure.restdocs.RestDocsTestExecutionListener@13d73f29, org.springframework.boot.test.autoconfigure.web.client.MockRestServiceServerResetTestExecutionListener@565f390, org.springframework.boot.test.autoconfigure.web.servlet.MockMvcPrintOnlyOnFailureTestExecutionListener@7dc3712, org.springframework.boot.test.autoconfigure.web.servlet.WebDriverTestExecutionListener@2f67a4d3, org.springframework.boot.test.autoconfigure.webservices.client.MockWebServiceServerTestExecutionListener@5e3f861]
16:16:22.543 [main] DEBUG org.springframework.test.context.support.AbstractDirtiesContextTestExecutionListener - Before test class: context [DefaultTestContext@2235eaab testClass = DoctorControllerTest, testInstance = [null], testMethod = [null], testException = [null], mergedContextConfiguration = [WebMergedContextConfiguration@17503f6b testClass = DoctorControllerTest, locations = '{}', classes = '{class com.yif.ApiApplication}', contextInitializerClasses = '[]', activeProfiles = '{}', propertySourceLocations = '{}', propertySourceProperties = '{org.springframework.boot.test.context.SpringBootTestContextBootstrapper=true}', contextCustomizers = set[org.springframework.boot.test.context.filter.ExcludeFilterContextCustomizer@6a6cb05c, org.springframework.boot.test.json.DuplicateJsonObjectContextCustomizerFactory$DuplicateJsonObjectContextCustomizer@4c402120, org.springframework.boot.test.mock.mockito.MockitoContextCustomizer@0, org.springframework.boot.test.web.client.TestRestTemplateContextCustomizer@77c2494c, org.springframework.boot.test.autoconfigure.actuate.metrics.MetricsExportContextCustomizerFactory$DisableMetricExportContextCustomizer@6f03482, org.springframework.boot.test.autoconfigure.properties.PropertyMappingContextCustomizer@0, org.springframework.boot.test.autoconfigure.web.servlet.WebDriverContextCustomizerFactory$Customizer@55fe41ea, org.springframework.boot.test.context.SpringBootTestArgs@1, org.springframework.boot.test.context.SpringBootTestWebEnvironment@3b084709], resourceBasePath = 'src/main/webapp', contextLoader = 'org.springframework.boot.test.context.SpringBootContextLoader', parent = [null]], attributes = map['org.springframework.test.context.web.ServletTestExecutionListener.activateListener' -> true]], class annotated with @DirtiesContext [false] with mode [null].

  .   ____          _            __ _ _
 /\\ / ___'_ __ _ _(_)_ __  __ _ \ \ \ \
( ( )\___ | '_ | '_| | '_ \/ _` | \ \ \ \
 \\/  ___)| |_)| | | | | || (_| |  ) ) ) )
  '  |____| .__|_| |_|_| |_\__, | / / / /
 =========|_|==============|___/=/_/_/_/
 :: Spring Boot ::                (v2.7.0)

2022-08-18 16:16:22.944 [main] INFO  com.yif.controller.DoctorControllerTest:55 - Starting DoctorControllerTest using Java 1.8.0_302 on DESKTOP-8FUF5BV with PID 33296 (started by admin in D:\Yif\idea_workspace\wx-api)
2022-08-18 16:16:22.946 [main] INFO  com.yif.controller.DoctorControllerTest:640 - The following 1 profile is active: "njfv"
2022-08-18 16:16:23.720 [main] INFO  o.s.d.r.config.RepositoryConfigurationDelegate:262 - Multiple Spring Data modules found, entering strict repository configuration mode!
2022-08-18 16:16:23.723 [main] INFO  o.s.d.r.config.RepositoryConfigurationDelegate:132 - Bootstrapping Spring Data Redis repositories in DEFAULT mode.
2022-08-18 16:16:23.745 [main] INFO  o.s.d.r.config.RepositoryConfigurationDelegate:201 - Finished Spring Data repository scanning in 8 ms. Found 0 Redis repository interfaces.
2022-08-18 16:16:24.202 [main] INFO  o.s.c.s.PostProcessorRegistrationDelegate$BeanPostProcessorChecker:376 - Bean 'redisConfig' of type [com.yif.config.RedisConfig$$EnhancerBySpringCGLIB$$18230c88] is not eligible for getting processed by all BeanPostProcessors (for example: not eligible for auto-proxying)
2022-08-18 16:16:24.277 [main] WARN  o.s.w.context.support.GenericWebApplicationContext:591 - Exception encountered during context initialization - cancelling refresh attempt: org.springframework.beans.factory.UnsatisfiedDependencyException: Error creating bean with name 'doctorController': Unsatisfied dependency expressed through field 'doctorService'; nested exception is org.springframework.beans.factory.BeanCreationException: Error creating bean with name 'doctorServiceImpl': Invocation of init method failed; nested exception is com.alibaba.excel.exception.ExcelCommonException: Convert excel format exception.You can try specifying the 'excelType' yourself
2022-08-18 16:16:24.285 [main] INFO  o.s.b.a.l.ConditionEvaluationReportLoggingListener:136 - 

Error starting ApplicationContext. To display the conditions report re-run your application with 'debug' enabled.
2022-08-18 16:16:24.303 [main] ERROR org.springframework.boot.SpringApplication:824 - Application run failed
org.springframework.beans.factory.UnsatisfiedDependencyException: Error creating bean with name 'doctorController': Unsatisfied dependency expressed through field 'doctorService'; nested exception is org.springframework.beans.factory.BeanCreationException: Error creating bean with name 'doctorServiceImpl': Invocation of init method failed; nested exception is com.alibaba.excel.exception.ExcelCommonException: Convert excel format exception.You can try specifying the 'excelType' yourself
	at org.springframework.beans.factory.annotation.AutowiredAnnotationBeanPostProcessor$AutowiredFieldElement.resolveFieldValue(AutowiredAnnotationBeanPostProcessor.java:659)
	at org.springframework.beans.factory.annotation.AutowiredAnnotationBeanPostProcessor$AutowiredFieldElement.inject(AutowiredAnnotationBeanPostProcessor.java:639)
	at org.springframework.beans.factory.annotation.InjectionMetadata.inject(InjectionMetadata.java:119)
	at org.springframework.beans.factory.annotation.AutowiredAnnotationBeanPostProcessor.postProcessProperties(AutowiredAnnotationBeanPostProcessor.java:399)
	at org.springframework.beans.factory.support.AbstractAutowireCapableBeanFactory.populateBean(AbstractAutowireCapableBeanFactory.java:1431)
	at org.springframework.beans.factory.support.AbstractAutowireCapableBeanFactory.doCreateBean(AbstractAutowireCapableBeanFactory.java:619)
	at org.springframework.beans.factory.support.AbstractAutowireCapableBeanFactory.createBean(AbstractAutowireCapableBeanFactory.java:542)
	at org.springframework.beans.factory.support.AbstractBeanFactory.lambda$doGetBean$0(AbstractBeanFactory.java:335)
	at org.springframework.beans.factory.support.DefaultSingletonBeanRegistry.getSingleton(DefaultSingletonBeanRegistry.java:234)
	at org.springframework.beans.factory.support.AbstractBeanFactory.doGetBean(AbstractBeanFactory.java:333)
	at org.springframework.beans.factory.support.AbstractBeanFactory.getBean(AbstractBeanFactory.java:208)
	at org.springframework.beans.factory.support.DefaultListableBeanFactory.preInstantiateSingletons(DefaultListableBeanFactory.java:953)
	at org.springframework.context.support.AbstractApplicationContext.finishBeanFactoryInitialization(AbstractApplicationContext.java:918)
	at org.springframework.context.support.AbstractApplicationContext.refresh(AbstractApplicationContext.java:583)
	at org.springframework.boot.SpringApplication.refresh(SpringApplication.java:734)
	at org.springframework.boot.SpringApplication.refreshContext(SpringApplication.java:408)
	at org.springframework.boot.SpringApplication.run(SpringApplication.java:308)
	at org.springframework.boot.test.context.SpringBootContextLoader.loadContext(SpringBootContextLoader.java:132)
	at org.springframework.test.context.cache.DefaultCacheAwareContextLoaderDelegate.loadContextInternal(DefaultCacheAwareContextLoaderDelegate.java:99)
	at org.springframework.test.context.cache.DefaultCacheAwareContextLoaderDelegate.loadContext(DefaultCacheAwareContextLoaderDelegate.java:124)
	at org.springframework.test.context.support.DefaultTestContext.getApplicationContext(DefaultTestContext.java:124)
	at org.springframework.test.context.web.ServletTestExecutionListener.setUpRequestContextIfNecessary(ServletTestExecutionListener.java:190)
	at org.springframework.test.context.web.ServletTestExecutionListener.prepareTestInstance(ServletTestExecutionListener.java:132)
	at org.springframework.test.context.TestContextManager.prepareTestInstance(TestContextManager.java:248)
	at org.springframework.test.context.junit.jupiter.SpringExtension.postProcessTestInstance(SpringExtension.java:138)
	at org.junit.jupiter.engine.descriptor.ClassBasedTestDescriptor.lambda$invokeTestInstancePostProcessors$8(ClassBasedTestDescriptor.java:363)
	at org.junit.jupiter.engine.descriptor.ClassBasedTestDescriptor.executeAndMaskThrowable(ClassBasedTestDescriptor.java:368)
	at org.junit.jupiter.engine.descriptor.ClassBasedTestDescriptor.lambda$invokeTestInstancePostProcessors$9(ClassBasedTestDescriptor.java:363)
	at java.util.stream.ReferencePipeline$3$1.accept(ReferencePipeline.java:193)
	at java.util.stream.ReferencePipeline$2$1.accept(ReferencePipeline.java:175)
	at java.util.ArrayList$ArrayListSpliterator.forEachRemaining(ArrayList.java:1384)
	at java.util.stream.AbstractPipeline.copyInto(AbstractPipeline.java:482)
	at java.util.stream.AbstractPipeline.wrapAndCopyInto(AbstractPipeline.java:472)
	at java.util.stream.StreamSpliterators$WrappingSpliterator.forEachRemaining(StreamSpliterators.java:313)
	at java.util.stream.Streams$ConcatSpliterator.forEachRemaining(Streams.java:743)
	at java.util.stream.Streams$ConcatSpliterator.forEachRemaining(Streams.java:742)
	at java.util.stream.ReferencePipeline$Head.forEach(ReferencePipeline.java:647)
	at org.junit.jupiter.engine.descriptor.ClassBasedTestDescriptor.invokeTestInstancePostProcessors(ClassBasedTestDescriptor.java:362)
	at org.junit.jupiter.engine.descriptor.ClassBasedTestDescriptor.lambda$instantiateAndPostProcessTestInstance$6(ClassBasedTestDescriptor.java:283)
	at org.junit.platform.engine.support.hierarchical.ThrowableCollector.execute(ThrowableCollector.java:73)
	at org.junit.jupiter.engine.descriptor.ClassBasedTestDescriptor.instantiateAndPostProcessTestInstance(ClassBasedTestDescriptor.java:282)
	at org.junit.jupiter.engine.descriptor.ClassBasedTestDescriptor.lambda$testInstancesProvider$4(ClassBasedTestDescriptor.java:272)
	at java.util.Optional.orElseGet(Optional.java:267)
	at org.junit.jupiter.engine.descriptor.ClassBasedTestDescriptor.lambda$testInstancesProvider$5(ClassBasedTestDescriptor.java:271)
	at org.junit.jupiter.engine.execution.TestInstancesProvider.getTestInstances(TestInstancesProvider.java:31)
	at org.junit.jupiter.engine.descriptor.TestMethodTestDescriptor.lambda$prepare$0(TestMethodTestDescriptor.java:102)
	at org.junit.platform.engine.support.hierarchical.ThrowableCollector.execute(ThrowableCollector.java:73)
	at org.junit.jupiter.engine.descriptor.TestMethodTestDescriptor.prepare(TestMethodTestDescriptor.java:101)
	at org.junit.jupiter.engine.descriptor.TestMethodTestDescriptor.prepare(TestMethodTestDescriptor.java:66)
	at org.junit.platform.engine.support.hierarchical.NodeTestTask.lambda$prepare$2(NodeTestTask.java:123)
	at org.junit.platform.engine.support.hierarchical.ThrowableCollector.execute(ThrowableCollector.java:73)
	at org.junit.platform.engine.support.hierarchical.NodeTestTask.prepare(NodeTestTask.java:123)
	at org.junit.platform.engine.support.hierarchical.NodeTestTask.execute(NodeTestTask.java:90)
	at java.util.ArrayList.forEach(ArrayList.java:1259)
	at org.junit.platform.engine.support.hierarchical.SameThreadHierarchicalTestExecutorService.invokeAll(SameThreadHierarchicalTestExecutorService.java:41)
	at org.junit.platform.engine.support.hierarchical.NodeTestTask.lambda$executeRecursively$6(NodeTestTask.java:155)
	at org.junit.platform.engine.support.hierarchical.ThrowableCollector.execute(ThrowableCollector.java:73)
	at org.junit.platform.engine.support.hierarchical.NodeTestTask.lambda$executeRecursively$8(NodeTestTask.java:141)
	at org.junit.platform.engine.support.hierarchical.Node.around(Node.java:137)
	at org.junit.platform.engine.support.hierarchical.NodeTestTask.lambda$executeRecursively$9(NodeTestTask.java:139)
	at org.junit.platform.engine.support.hierarchical.ThrowableCollector.execute(ThrowableCollector.java:73)
	at org.junit.platform.engine.support.hierarchical.NodeTestTask.executeRecursively(NodeTestTask.java:138)
	at org.junit.platform.engine.support.hierarchical.NodeTestTask.execute(NodeTestTask.java:95)
	at java.util.ArrayList.forEach(ArrayList.java:1259)
	at org.junit.platform.engine.support.hierarchical.SameThreadHierarchicalTestExecutorService.invokeAll(SameThreadHierarchicalTestExecutorService.java:41)
	at org.junit.platform.engine.support.hierarchical.NodeTestTask.lambda$executeRecursively$6(NodeTestTask.java:155)
	at org.junit.platform.engine.support.hierarchical.ThrowableCollector.execute(ThrowableCollector.java:73)
	at org.junit.platform.engine.support.hierarchical.NodeTestTask.lambda$executeRecursively$8(NodeTestTask.java:141)
	at org.junit.platform.engine.support.hierarchical.Node.around(Node.java:137)
	at org.junit.platform.engine.support.hierarchical.NodeTestTask.lambda$executeRecursively$9(NodeTestTask.java:139)
	at org.junit.platform.engine.support.hierarchical.ThrowableCollector.execute(ThrowableCollector.java:73)
	at org.junit.platform.engine.support.hierarchical.NodeTestTask.executeRecursively(NodeTestTask.java:138)
	at org.junit.platform.engine.support.hierarchical.NodeTestTask.execute(NodeTestTask.java:95)
	at org.junit.platform.engine.support.hierarchical.SameThreadHierarchicalTestExecutorService.submit(SameThreadHierarchicalTestExecutorService.java:35)
	at org.junit.platform.engine.support.hierarchical.HierarchicalTestExecutor.execute(HierarchicalTestExecutor.java:57)
	at org.junit.platform.engine.support.hierarchical.HierarchicalTestEngine.execute(HierarchicalTestEngine.java:54)
	at org.junit.platform.launcher.core.DefaultLauncher.execute(DefaultLauncher.java:220)
	at org.junit.platform.launcher.core.DefaultLauncher.lambda$execute$6(DefaultLauncher.java:188)
	at org.junit.platform.launcher.core.DefaultLauncher.withInterceptedStreams(DefaultLauncher.java:202)
	at org.junit.platform.launcher.core.DefaultLauncher.execute(DefaultLauncher.java:181)
	at org.junit.platform.launcher.core.DefaultLauncher.execute(DefaultLauncher.java:128)
	at org.apache.maven.surefire.junitplatform.JUnitPlatformProvider.invokeAllTests(JUnitPlatformProvider.java:150)
	at org.apache.maven.surefire.junitplatform.JUnitPlatformProvider.invoke(JUnitPlatformProvider.java:124)
	at org.apache.maven.surefire.booter.ForkedBooter.invokeProviderInSameClassLoader(ForkedBooter.java:384)
	at org.apache.maven.surefire.booter.ForkedBooter.runSuitesInProcess(ForkedBooter.java:345)
	at org.apache.maven.surefire.booter.ForkedBooter.execute(ForkedBooter.java:126)
	at org.apache.maven.surefire.booter.ForkedBooter.main(ForkedBooter.java:418)
Caused by: org.springframework.beans.factory.BeanCreationException: Error creating bean with name 'doctorServiceImpl': Invocation of init method failed; nested exception is com.alibaba.excel.exception.ExcelCommonException: Convert excel format exception.You can try specifying the 'excelType' yourself
	at org.springframework.beans.factory.annotation.InitDestroyAnnotationBeanPostProcessor.postProcessBeforeInitialization(InitDestroyAnnotationBeanPostProcessor.java:160)
	at org.springframework.beans.factory.support.AbstractAutowireCapableBeanFactory.applyBeanPostProcessorsBeforeInitialization(AbstractAutowireCapableBeanFactory.java:440)
	at org.springframework.beans.factory.support.AbstractAutowireCapableBeanFactory.initializeBean(AbstractAutowireCapableBeanFactory.java:1796)
	at org.springframework.beans.factory.support.AbstractAutowireCapableBeanFactory.doCreateBean(AbstractAutowireCapableBeanFactory.java:620)
	at org.springframework.beans.factory.support.AbstractAutowireCapableBeanFactory.createBean(AbstractAutowireCapableBeanFactory.java:542)
	at org.springframework.beans.factory.support.AbstractBeanFactory.lambda$doGetBean$0(AbstractBeanFactory.java:335)
	at org.springframework.beans.factory.support.DefaultSingletonBeanRegistry.getSingleton(DefaultSingletonBeanRegistry.java:234)
	at org.springframework.beans.factory.support.AbstractBeanFactory.doGetBean(AbstractBeanFactory.java:333)
	at org.springframework.beans.factory.support.AbstractBeanFactory.getBean(AbstractBeanFactory.java:208)
	at org.springframework.beans.factory.config.DependencyDescriptor.resolveCandidate(DependencyDescriptor.java:276)
	at org.springframework.beans.factory.support.DefaultListableBeanFactory.doResolveDependency(DefaultListableBeanFactory.java:1389)
	at org.springframework.beans.factory.support.DefaultListableBeanFactory.resolveDependency(DefaultListableBeanFactory.java:1309)
	at org.springframework.beans.factory.annotation.AutowiredAnnotationBeanPostProcessor$AutowiredFieldElement.resolveFieldValue(AutowiredAnnotationBeanPostProcessor.java:656)
	... 86 common frames omitted
Caused by: com.alibaba.excel.exception.ExcelCommonException: Convert excel format exception.You can try specifying the 'excelType' yourself
	at com.alibaba.excel.support.ExcelTypeEnum.valueOf(ExcelTypeEnum.java:89)
	at com.alibaba.excel.analysis.ExcelAnalyserImpl.choiceExcelExecutor(ExcelAnalyserImpl.java:66)
	at com.alibaba.excel.analysis.ExcelAnalyserImpl.<init>(ExcelAnalyserImpl.java:55)
	at com.alibaba.excel.ExcelReader.<init>(ExcelReader.java:27)
	at com.alibaba.excel.read.builder.ExcelReaderBuilder.build(ExcelReaderBuilder.java:202)
	at com.yif.service.Impl.DoctorServiceImpl.readDoctors2(DoctorServiceImpl.java:206)
	at com.yif.service.Impl.DoctorServiceImpl.initDocetorData(DoctorServiceImpl.java:109)
	at sun.reflect.NativeMethodAccessorImpl.invoke0(Native Method)
	at sun.reflect.NativeMethodAccessorImpl.invoke(NativeMethodAccessorImpl.java:62)
	at sun.reflect.DelegatingMethodAccessorImpl.invoke(DelegatingMethodAccessorImpl.java:43)
	at java.lang.reflect.Method.invoke(Method.java:498)
	at org.springframework.beans.factory.annotation.InitDestroyAnnotationBeanPostProcessor$LifecycleElement.invoke(InitDestroyAnnotationBeanPostProcessor.java:389)
	at org.springframework.beans.factory.annotation.InitDestroyAnnotationBeanPostProcessor$LifecycleMetadata.invokeInitMethods(InitDestroyAnnotationBeanPostProcessor.java:333)
	at org.springframework.beans.factory.annotation.InitDestroyAnnotationBeanPostProcessor.postProcessBeforeInitialization(InitDestroyAnnotationBeanPostProcessor.java:157)
	... 98 common frames omitted
Caused by: com.alibaba.excel.exception.ExcelAnalysisException: File D:\usr\fomey\医师节数据样例.xlsx not exists.
	at com.alibaba.excel.support.ExcelTypeEnum.valueOf(ExcelTypeEnum.java:58)
	... 111 common frames omitted
2022-08-18 16:16:24.308 [main] ERROR o.springframework.test.context.TestContextManager:252 - Caught exception while allowing TestExecutionListener [org.springframework.test.context.web.ServletTestExecutionListener@69ee81fc] to prepare test instance [com.yif.controller.DoctorControllerTest@6cd15072]
java.lang.IllegalStateException: Failed to load ApplicationContext
	at org.springframework.test.context.cache.DefaultCacheAwareContextLoaderDelegate.loadContext(DefaultCacheAwareContextLoaderDelegate.java:132)
	at org.springframework.test.context.support.DefaultTestContext.getApplicationContext(DefaultTestContext.java:124)
	at org.springframework.test.context.web.ServletTestExecutionListener.setUpRequestContextIfNecessary(ServletTestExecutionListener.java:190)
	at org.springframework.test.context.web.ServletTestExecutionListener.prepareTestInstance(ServletTestExecutionListener.java:132)
	at org.springframework.test.context.TestContextManager.prepareTestInstance(TestContextManager.java:248)
	at org.springframework.test.context.junit.jupiter.SpringExtension.postProcessTestInstance(SpringExtension.java:138)
	at org.junit.jupiter.engine.descriptor.ClassBasedTestDescriptor.lambda$invokeTestInstancePostProcessors$8(ClassBasedTestDescriptor.java:363)
	at org.junit.jupiter.engine.descriptor.ClassBasedTestDescriptor.executeAndMaskThrowable(ClassBasedTestDescriptor.java:368)
	at org.junit.jupiter.engine.descriptor.ClassBasedTestDescriptor.lambda$invokeTestInstancePostProcessors$9(ClassBasedTestDescriptor.java:363)
	at java.util.stream.ReferencePipeline$3$1.accept(ReferencePipeline.java:193)
	at java.util.stream.ReferencePipeline$2$1.accept(ReferencePipeline.java:175)
	at java.util.ArrayList$ArrayListSpliterator.forEachRemaining(ArrayList.java:1384)
	at java.util.stream.AbstractPipeline.copyInto(AbstractPipeline.java:482)
	at java.util.stream.AbstractPipeline.wrapAndCopyInto(AbstractPipeline.java:472)
	at java.util.stream.StreamSpliterators$WrappingSpliterator.forEachRemaining(StreamSpliterators.java:313)
	at java.util.stream.Streams$ConcatSpliterator.forEachRemaining(Streams.java:743)
	at java.util.stream.Streams$ConcatSpliterator.forEachRemaining(Streams.java:742)
	at java.util.stream.ReferencePipeline$Head.forEach(ReferencePipeline.java:647)
	at org.junit.jupiter.engine.descriptor.ClassBasedTestDescriptor.invokeTestInstancePostProcessors(ClassBasedTestDescriptor.java:362)
	at org.junit.jupiter.engine.descriptor.ClassBasedTestDescriptor.lambda$instantiateAndPostProcessTestInstance$6(ClassBasedTestDescriptor.java:283)
	at org.junit.platform.engine.support.hierarchical.ThrowableCollector.execute(ThrowableCollector.java:73)
	at org.junit.jupiter.engine.descriptor.ClassBasedTestDescriptor.instantiateAndPostProcessTestInstance(ClassBasedTestDescriptor.java:282)
	at org.junit.jupiter.engine.descriptor.ClassBasedTestDescriptor.lambda$testInstancesProvider$4(ClassBasedTestDescriptor.java:272)
	at java.util.Optional.orElseGet(Optional.java:267)
	at org.junit.jupiter.engine.descriptor.ClassBasedTestDescriptor.lambda$testInstancesProvider$5(ClassBasedTestDescriptor.java:271)
	at org.junit.jupiter.engine.execution.TestInstancesProvider.getTestInstances(TestInstancesProvider.java:31)
	at org.junit.jupiter.engine.descriptor.TestMethodTestDescriptor.lambda$prepare$0(TestMethodTestDescriptor.java:102)
	at org.junit.platform.engine.support.hierarchical.ThrowableCollector.execute(ThrowableCollector.java:73)
	at org.junit.jupiter.engine.descriptor.TestMethodTestDescriptor.prepare(TestMethodTestDescriptor.java:101)
	at org.junit.jupiter.engine.descriptor.TestMethodTestDescriptor.prepare(TestMethodTestDescriptor.java:66)
	at org.junit.platform.engine.support.hierarchical.NodeTestTask.lambda$prepare$2(NodeTestTask.java:123)
	at org.junit.platform.engine.support.hierarchical.ThrowableCollector.execute(ThrowableCollector.java:73)
	at org.junit.platform.engine.support.hierarchical.NodeTestTask.prepare(NodeTestTask.java:123)
	at org.junit.platform.engine.support.hierarchical.NodeTestTask.execute(NodeTestTask.java:90)
	at java.util.ArrayList.forEach(ArrayList.java:1259)
	at org.junit.platform.engine.support.hierarchical.SameThreadHierarchicalTestExecutorService.invokeAll(SameThreadHierarchicalTestExecutorService.java:41)
	at org.junit.platform.engine.support.hierarchical.NodeTestTask.lambda$executeRecursively$6(NodeTestTask.java:155)
	at org.junit.platform.engine.support.hierarchical.ThrowableCollector.execute(ThrowableCollector.java:73)
	at org.junit.platform.engine.support.hierarchical.NodeTestTask.lambda$executeRecursively$8(NodeTestTask.java:141)
	at org.junit.platform.engine.support.hierarchical.Node.around(Node.java:137)
	at org.junit.platform.engine.support.hierarchical.NodeTestTask.lambda$executeRecursively$9(NodeTestTask.java:139)
	at org.junit.platform.engine.support.hierarchical.ThrowableCollector.execute(ThrowableCollector.java:73)
	at org.junit.platform.engine.support.hierarchical.NodeTestTask.executeRecursively(NodeTestTask.java:138)
	at org.junit.platform.engine.support.hierarchical.NodeTestTask.execute(NodeTestTask.java:95)
	at java.util.ArrayList.forEach(ArrayList.java:1259)
	at org.junit.platform.engine.support.hierarchical.SameThreadHierarchicalTestExecutorService.invokeAll(SameThreadHierarchicalTestExecutorService.java:41)
	at org.junit.platform.engine.support.hierarchical.NodeTestTask.lambda$executeRecursively$6(NodeTestTask.java:155)
	at org.junit.platform.engine.support.hierarchical.ThrowableCollector.execute(ThrowableCollector.java:73)
	at org.junit.platform.engine.support.hierarchical.NodeTestTask.lambda$executeRecursively$8(NodeTestTask.java:141)
	at org.junit.platform.engine.support.hierarchical.Node.around(Node.java:137)
	at org.junit.platform.engine.support.hierarchical.NodeTestTask.lambda$executeRecursively$9(NodeTestTask.java:139)
	at org.junit.platform.engine.support.hierarchical.ThrowableCollector.execute(ThrowableCollector.java:73)
	at org.junit.platform.engine.support.hierarchical.NodeTestTask.executeRecursively(NodeTestTask.java:138)
	at org.junit.platform.engine.support.hierarchical.NodeTestTask.execute(NodeTestTask.java:95)
	at org.junit.platform.engine.support.hierarchical.SameThreadHierarchicalTestExecutorService.submit(SameThreadHierarchicalTestExecutorService.java:35)
	at org.junit.platform.engine.support.hierarchical.HierarchicalTestExecutor.execute(HierarchicalTestExecutor.java:57)
	at org.junit.platform.engine.support.hierarchical.HierarchicalTestEngine.execute(HierarchicalTestEngine.java:54)
	at org.junit.platform.launcher.core.DefaultLauncher.execute(DefaultLauncher.java:220)
	at org.junit.platform.launcher.core.DefaultLauncher.lambda$execute$6(DefaultLauncher.java:188)
	at org.junit.platform.launcher.core.DefaultLauncher.withInterceptedStreams(DefaultLauncher.java:202)
	at org.junit.platform.launcher.core.DefaultLauncher.execute(DefaultLauncher.java:181)
	at org.junit.platform.launcher.core.DefaultLauncher.execute(DefaultLauncher.java:128)
	at org.apache.maven.surefire.junitplatform.JUnitPlatformProvider.invokeAllTests(JUnitPlatformProvider.java:150)
	at org.apache.maven.surefire.junitplatform.JUnitPlatformProvider.invoke(JUnitPlatformProvider.java:124)
	at org.apache.maven.surefire.booter.ForkedBooter.invokeProviderInSameClassLoader(ForkedBooter.java:384)
	at org.apache.maven.surefire.booter.ForkedBooter.runSuitesInProcess(ForkedBooter.java:345)
	at org.apache.maven.surefire.booter.ForkedBooter.execute(ForkedBooter.java:126)
	at org.apache.maven.surefire.booter.ForkedBooter.main(ForkedBooter.java:418)
Caused by: org.springframework.beans.factory.UnsatisfiedDependencyException: Error creating bean with name 'doctorController': Unsatisfied dependency expressed through field 'doctorService'; nested exception is org.springframework.beans.factory.BeanCreationException: Error creating bean with name 'doctorServiceImpl': Invocation of init method failed; nested exception is com.alibaba.excel.exception.ExcelCommonException: Convert excel format exception.You can try specifying the 'excelType' yourself
	at org.springframework.beans.factory.annotation.AutowiredAnnotationBeanPostProcessor$AutowiredFieldElement.resolveFieldValue(AutowiredAnnotationBeanPostProcessor.java:659)
	at org.springframework.beans.factory.annotation.AutowiredAnnotationBeanPostProcessor$AutowiredFieldElement.inject(AutowiredAnnotationBeanPostProcessor.java:639)
	at org.springframework.beans.factory.annotation.InjectionMetadata.inject(InjectionMetadata.java:119)
	at org.springframework.beans.factory.annotation.AutowiredAnnotationBeanPostProcessor.postProcessProperties(AutowiredAnnotationBeanPostProcessor.java:399)
	at org.springframework.beans.factory.support.AbstractAutowireCapableBeanFactory.populateBean(AbstractAutowireCapableBeanFactory.java:1431)
	at org.springframework.beans.factory.support.AbstractAutowireCapableBeanFactory.doCreateBean(AbstractAutowireCapableBeanFactory.java:619)
	at org.springframework.beans.factory.support.AbstractAutowireCapableBeanFactory.createBean(AbstractAutowireCapableBeanFactory.java:542)
	at org.springframework.beans.factory.support.AbstractBeanFactory.lambda$doGetBean$0(AbstractBeanFactory.java:335)
	at org.springframework.beans.factory.support.DefaultSingletonBeanRegistry.getSingleton(DefaultSingletonBeanRegistry.java:234)
	at org.springframework.beans.factory.support.AbstractBeanFactory.doGetBean(AbstractBeanFactory.java:333)
	at org.springframework.beans.factory.support.AbstractBeanFactory.getBean(AbstractBeanFactory.java:208)
	at org.springframework.beans.factory.support.DefaultListableBeanFactory.preInstantiateSingletons(DefaultListableBeanFactory.java:953)
	at org.springframework.context.support.AbstractApplicationContext.finishBeanFactoryInitialization(AbstractApplicationContext.java:918)
	at org.springframework.context.support.AbstractApplicationContext.refresh(AbstractApplicationContext.java:583)
	at org.springframework.boot.SpringApplication.refresh(SpringApplication.java:734)
	at org.springframework.boot.SpringApplication.refreshContext(SpringApplication.java:408)
	at org.springframework.boot.SpringApplication.run(SpringApplication.java:308)
	at org.springframework.boot.test.context.SpringBootContextLoader.loadContext(SpringBootContextLoader.java:132)
	at org.springframework.test.context.cache.DefaultCacheAwareContextLoaderDelegate.loadContextInternal(DefaultCacheAwareContextLoaderDelegate.java:99)
	at org.springframework.test.context.cache.DefaultCacheAwareContextLoaderDelegate.loadContext(DefaultCacheAwareContextLoaderDelegate.java:124)
	... 67 common frames omitted
Caused by: org.springframework.beans.factory.BeanCreationException: Error creating bean with name 'doctorServiceImpl': Invocation of init method failed; nested exception is com.alibaba.excel.exception.ExcelCommonException: Convert excel format exception.You can try specifying the 'excelType' yourself
	at org.springframework.beans.factory.annotation.InitDestroyAnnotationBeanPostProcessor.postProcessBeforeInitialization(InitDestroyAnnotationBeanPostProcessor.java:160)
	at org.springframework.beans.factory.support.AbstractAutowireCapableBeanFactory.applyBeanPostProcessorsBeforeInitialization(AbstractAutowireCapableBeanFactory.java:440)
	at org.springframework.beans.factory.support.AbstractAutowireCapableBeanFactory.initializeBean(AbstractAutowireCapableBeanFactory.java:1796)
	at org.springframework.beans.factory.support.AbstractAutowireCapableBeanFactory.doCreateBean(AbstractAutowireCapableBeanFactory.java:620)
	at org.springframework.beans.factory.support.AbstractAutowireCapableBeanFactory.createBean(AbstractAutowireCapableBeanFactory.java:542)
	at org.springframework.beans.factory.support.AbstractBeanFactory.lambda$doGetBean$0(AbstractBeanFactory.java:335)
	at org.springframework.beans.factory.support.DefaultSingletonBeanRegistry.getSingleton(DefaultSingletonBeanRegistry.java:234)
	at org.springframework.beans.factory.support.AbstractBeanFactory.doGetBean(AbstractBeanFactory.java:333)
	at org.springframework.beans.factory.support.AbstractBeanFactory.getBean(AbstractBeanFactory.java:208)
	at org.springframework.beans.factory.config.DependencyDescriptor.resolveCandidate(DependencyDescriptor.java:276)
	at org.springframework.beans.factory.support.DefaultListableBeanFactory.doResolveDependency(DefaultListableBeanFactory.java:1389)
	at org.springframework.beans.factory.support.DefaultListableBeanFactory.resolveDependency(DefaultListableBeanFactory.java:1309)
	at org.springframework.beans.factory.annotation.AutowiredAnnotationBeanPostProcessor$AutowiredFieldElement.resolveFieldValue(AutowiredAnnotationBeanPostProcessor.java:656)
	... 86 common frames omitted
Caused by: com.alibaba.excel.exception.ExcelCommonException: Convert excel format exception.You can try specifying the 'excelType' yourself
	at com.alibaba.excel.support.ExcelTypeEnum.valueOf(ExcelTypeEnum.java:89)
	at com.alibaba.excel.analysis.ExcelAnalyserImpl.choiceExcelExecutor(ExcelAnalyserImpl.java:66)
	at com.alibaba.excel.analysis.ExcelAnalyserImpl.<init>(ExcelAnalyserImpl.java:55)
	at com.alibaba.excel.ExcelReader.<init>(ExcelReader.java:27)
	at com.alibaba.excel.read.builder.ExcelReaderBuilder.build(ExcelReaderBuilder.java:202)
	at com.yif.service.Impl.DoctorServiceImpl.readDoctors2(DoctorServiceImpl.java:206)
	at com.yif.service.Impl.DoctorServiceImpl.initDocetorData(DoctorServiceImpl.java:109)
	at sun.reflect.NativeMethodAccessorImpl.invoke0(Native Method)
	at sun.reflect.NativeMethodAccessorImpl.invoke(NativeMethodAccessorImpl.java:62)
	at sun.reflect.DelegatingMethodAccessorImpl.invoke(DelegatingMethodAccessorImpl.java:43)
	at java.lang.reflect.Method.invoke(Method.java:498)
	at org.springframework.beans.factory.annotation.InitDestroyAnnotationBeanPostProcessor$LifecycleElement.invoke(InitDestroyAnnotationBeanPostProcessor.java:389)
	at org.springframework.beans.factory.annotation.InitDestroyAnnotationBeanPostProcessor$LifecycleMetadata.invokeInitMethods(InitDestroyAnnotationBeanPostProcessor.java:333)
	at org.springframework.beans.factory.annotation.InitDestroyAnnotationBeanPostProcessor.postProcessBeforeInitialization(InitDestroyAnnotationBeanPostProcessor.java:157)
	... 98 common frames omitted
Caused by: com.alibaba.excel.exception.ExcelAnalysisException: File D:\usr\fomey\医师节数据样例.xlsx not exists.
	at com.alibaba.excel.support.ExcelTypeEnum.valueOf(ExcelTypeEnum.java:58)
	... 111 common frames omitted
]]></system-out>
  </testcase>
</testsuite>